[35m[1mScanning dependencies of target turtle_publisher[0m
[ 50%] [32mBuilding CXX object CMakeFiles/turtle_publisher.dir/src/turtle_publisher.cpp.o[0m
[01m[K/home/johan/ros2_cv/src/turtle/src/turtle_publisher.cpp:[m[K In member function â€˜[01m[Kvoid TurtlesimNode::publishMotion()[m[Kâ€™:
[01m[K/home/johan/ros2_cv/src/turtle/src/turtle_publisher.cpp:24:14:[m[K [01;35m[Kwarning: [m[Kunused variable â€˜[01m[Kx[m[Kâ€™ [[01;35m[K-Wunused-variable[m[K]
   24 |       double [01;35m[Kx[m[K = radius_x_ * cos(t);
      |              [01;35m[K^[m[K
[01m[K/home/johan/ros2_cv/src/turtle/src/turtle_publisher.cpp:25:14:[m[K [01;35m[Kwarning: [m[Kunused variable â€˜[01m[Ky[m[Kâ€™ [[01;35m[K-Wunused-variable[m[K]
   25 |       double [01;35m[Ky[m[K = radius_y_ * sin(t);
      |              [01;35m[K^[m[K
[100%] [32m[1mLinking CXX executable turtle_publisher[0m
/usr/bin/ld: /usr/lib/gcc/x86_64-linux-gnu/9/../../../x86_64-linux-gnu/Scrt1.o: in function `_start':
(.text+0x24): undefined reference to `main'
collect2: error: ld returned 1 exit status
make[2]: *** [CMakeFiles/turtle_publisher.dir/build.make:136ï¼šturtle_publisher] é”™è¯¯ 1
make[1]: *** [CMakeFiles/Makefile2:78ï¼šCMakeFiles/turtle_publisher.dir/all] é”™è¯¯ 2
make: *** [Makefile:141ï¼šall] é”™è¯¯ 2
