[01m[K/home/johan/ros2_cv/src/ros2_cv_pkg/src/cv_publisher.cpp:[m[K In member function â€˜[01m[Kvoid CvPublisher::image_publish()[m[Kâ€™:
[01m[K/home/johan/ros2_cv/src/ros2_cv_pkg/src/cv_publisher.cpp:31:9:[m[K [01;31m[Kerror: [m[Kâ€˜[01m[Kmodified_image_publisher_[m[Kâ€™ was not declared in this scope; did you mean â€˜[01m[Kimage_publisher_[m[Kâ€™?
   31 |         [01;31m[Kmodified_image_publisher_[m[K->publish(*image_msg);
      |         [01;31m[K^~~~~~~~~~~~~~~~~~~~~~~~~[m[K
      |         [32m[Kimage_publisher_[m[K
make[2]: *** [CMakeFiles/cv_publisher.dir/build.make:63ï¼šCMakeFiles/cv_publisher.dir/src/cv_publisher.cpp.o] é”™è¯¯ 1
make[1]: *** [CMakeFiles/Makefile2:80ï¼šCMakeFiles/cv_publisher.dir/all] é”™è¯¯ 2
make: *** [Makefile:141ï¼šall] é”™è¯¯ 2
