[0.011s] Invoking command in '/home/johan/ros2_cv/build/ros2_cv_pkg': CMAKE_PREFIX_PATH=${CMAKE_PREFIX_PATH}:/opt/ros/foxy /usr/bin/cmake --build /home/johan/ros2_cv/build/ros2_cv_pkg -- -j16 -l16
[0.042s] [35m[1mScanning dependencies of target cv_publisher[0m
[0.056s] [ 50%] Built target cv_subscription
[0.062s] [ 75%] [32mBuilding CXX object CMakeFiles/cv_publisher.dir/src/cv_publisher.cpp.o[0m
[1.442s] [01m[K/home/johan/ros2_cv/src/ros2_cv_pkg/src/cv_publisher.cpp:[m[K In member function â€˜[01m[Kvoid CvPublisher::image_publish()[m[Kâ€™:
[1.442s] [01m[K/home/johan/ros2_cv/src/ros2_cv_pkg/src/cv_publisher.cpp:31:9:[m[K [01;31m[Kerror: [m[Kâ€˜[01m[Kmodified_image_publisher_[m[Kâ€™ was not declared in this scope; did you mean â€˜[01m[Kimage_publisher_[m[Kâ€™?
[1.442s]    31 |         [01;31m[Kmodified_image_publisher_[m[K->publish(*image_msg);
[1.442s]       |         [01;31m[K^~~~~~~~~~~~~~~~~~~~~~~~~[m[K
[1.443s]       |         [32m[Kimage_publisher_[m[K
[2.040s] make[2]: *** [CMakeFiles/cv_publisher.dir/build.make:63ï¼šCMakeFiles/cv_publisher.dir/src/cv_publisher.cpp.o] é”™è¯¯ 1
[2.040s] make[1]: *** [CMakeFiles/Makefile2:80ï¼šCMakeFiles/cv_publisher.dir/all] é”™è¯¯ 2
[2.040s] make: *** [Makefile:141ï¼šall] é”™è¯¯ 2
[2.042s] Invoked command in '/home/johan/ros2_cv/build/ros2_cv_pkg' returned '2': CMAKE_PREFIX_PATH=${CMAKE_PREFIX_PATH}:/opt/ros/foxy /usr/bin/cmake --build /home/johan/ros2_cv/build/ros2_cv_pkg -- -j16 -l16
